#
# There is insufficient memory for the Java Runtime Environment to continue.
# Native memory allocation (malloc) failed to allocate 1385616 bytes for Chunk::new
# Possible reasons:
#   The system is out of physical RAM or swap space
#   The process is running with CompressedOops enabled, and the Java Heap may be blocking the growth of the native heap
# Possible solutions:
#   Reduce memory load on the system
#   Increase physical memory or swap space
#   Check if swap backing store is full
#   Decrease Java heap size (-Xmx/-Xms)
#   Decrease number of Java threads
#   Decrease Java thread stack sizes (-Xss)
#   Set larger code cache with -XX:ReservedCodeCacheSize=
#   JVM is running with Unscaled Compressed Oops mode in which the Java heap is
#     placed in the first 4GB address space. The Java Heap base address is the
#     maximum limit for the native heap growth. Please use -XX:HeapBaseMinAddress
#     to set the Java Heap base and to place the Java Heap above 4GB virtual address.
# This output file may be truncated or incomplete.
#
#  Out of Memory Error (arena.cpp:191), pid=20244, tid=17832
#
# JRE version: OpenJDK Runtime Environment Temurin-17.0.9+9 (17.0.9+9) (build 17.0.9+9)
# Java VM: OpenJDK 64-Bit Server VM Temurin-17.0.9+9 (17.0.9+9, mixed mode, sharing, tiered, compressed oops, compressed class ptrs, g1 gc, windows-amd64)
# No core dump will be written. Minidumps are not enabled by default on client versions of Windows
#

---------------  S U M M A R Y ------------

Command Line: C:\Users\ASUS\AppData\Local\Temp\surefire4259296947369721772\surefirebooter-20240921011544254_3.jar C:\Users\ASUS\AppData\Local\Temp\surefire4259296947369721772 2024-09-21T01-15-43_364-jvmRun1 surefire-20240921011544254_1tmp surefire_0-20240921011544254_2tmp

Host: AMD Ryzen 3 3250U with Radeon Graphics         , 4 cores, 5G,  Windows 11 , 64 bit Build 22621 (10.0.22621.3958)
Time: Sat Sep 21 01:16:44 2024 India Standard Time elapsed time: 59.515090 seconds (0d 0h 0m 59s)

---------------  T H R E A D  ---------------

Current thread (0x0000019d05222e70):  JavaThread "C2 CompilerThread0" daemon [_thread_in_native, id=17832, stack(0x0000007468e00000,0x0000007468f00000)]


Current CompileTask:
C2:  59515 5212       4       org.springframework.core.annotation.AnnotationsScanner::getDeclaredAnnotations (166 bytes)

Stack: [0x0000007468e00000,0x0000007468f00000]
Native frames: (J=compiled Java code, j=interpreted, Vv=VM code, C=native code)
V  [jvm.dll+0x67cf49]
V  [jvm.dll+0x83478a]
V  [jvm.dll+0x83624e]
V  [jvm.dll+0x8368b3]
V  [jvm.dll+0x247f1f]
V  [jvm.dll+0xac43c]
V  [jvm.dll+0xaca8c]
V  [jvm.dll+0x367012]
V  [jvm.dll+0x3313ba]
V  [jvm.dll+0x33085a]
V  [jvm.dll+0x21a5b1]
V  [jvm.dll+0x2199d1]
V  [jvm.dll+0x1a57cd]
V  [jvm.dll+0x2297ae]
V  [jvm.dll+0x22797c]
V  [jvm.dll+0x7e9877]
V  [jvm.dll+0x7e3c3a]
V  [jvm.dll+0x67be35]
C  [ucrtbase.dll+0x29333]
C  [KERNEL32.DLL+0x1257d]
C  [ntdll.dll+0x5af28]


---------------  P R O C E S S  ---------------

Threads class SMR info:
_java_thread_list=0x0000019d4c8d16a0, length=30, elements={
0x0000019d6895c910, 0x0000019d052003a0, 0x0000019d05201220, 0x0000019d05218960,
0x0000019d05219330, 0x0000019d0521cec0, 0x0000019d0521e020, 0x0000019d05222e70,
0x0000019d05226ff0, 0x0000019d05230870, 0x0000019d05463d40, 0x0000019d05468cf0,
0x0000019d05577800, 0x0000019d05754460, 0x0000019d4b56b610, 0x0000019d4b56baf0,
0x0000019d4c460080, 0x0000019d4b10b9c0, 0x0000019d4b10b4b0, 0x0000019d4b10c3e0,
0x0000019d4b10d310, 0x0000019d4b10c8f0, 0x0000019d4b10d820, 0x0000019d4b10ce00,
0x0000019d4cca7a30, 0x0000019d4ccabc00, 0x0000019d4cca60e0, 0x0000019d4ccaacd0,
0x0000019d4cca8450, 0x0000019d4ccab1e0
}

Java Threads: ( => current thread )
  0x0000019d6895c910 JavaThread "main" [_thread_in_native, id=108, stack(0x0000007468100000,0x0000007468200000)]
  0x0000019d052003a0 JavaThread "Reference Handler" daemon [_thread_blocked, id=9792, stack(0x0000007468800000,0x0000007468900000)]
  0x0000019d05201220 JavaThread "Finalizer" daemon [_thread_blocked, id=14788, stack(0x0000007468900000,0x0000007468a00000)]
  0x0000019d05218960 JavaThread "Signal Dispatcher" daemon [_thread_blocked, id=12316, stack(0x0000007468a00000,0x0000007468b00000)]
  0x0000019d05219330 JavaThread "Attach Listener" daemon [_thread_blocked, id=6644, stack(0x0000007468b00000,0x0000007468c00000)]
  0x0000019d0521cec0 JavaThread "Service Thread" daemon [_thread_blocked, id=19516, stack(0x0000007468c00000,0x0000007468d00000)]
  0x0000019d0521e020 JavaThread "Monitor Deflation Thread" daemon [_thread_blocked, id=14556, stack(0x0000007468d00000,0x0000007468e00000)]
=>0x0000019d05222e70 JavaThread "C2 CompilerThread0" daemon [_thread_in_native, id=17832, stack(0x0000007468e00000,0x0000007468f00000)]
  0x0000019d05226ff0 JavaThread "C1 CompilerThread0" daemon [_thread_blocked, id=14748, stack(0x0000007468f00000,0x0000007469000000)]
  0x0000019d05230870 JavaThread "Sweeper thread" daemon [_thread_blocked, id=12056, stack(0x0000007469000000,0x0000007469100000)]
  0x0000019d05463d40 JavaThread "Notification Thread" daemon [_thread_blocked, id=16204, stack(0x0000007469100000,0x0000007469200000)]
  0x0000019d05468cf0 JavaThread "Common-Cleaner" daemon [_thread_blocked, id=16260, stack(0x0000007469300000,0x0000007469400000)]
  0x0000019d05577800 JavaThread "surefire-forkedjvm-stream-flusher" daemon [_thread_blocked, id=19156, stack(0x0000007469400000,0x0000007469500000)]
  0x0000019d05754460 JavaThread "surefire-forkedjvm-command-thread" daemon [_thread_in_native, id=9552, stack(0x0000007469500000,0x0000007469600000)]
  0x0000019d4b56b610 JavaThread "Thread-1" daemon [_thread_in_native, id=14804, stack(0x0000007469a00000,0x0000007469b00000)]
  0x0000019d4b56baf0 JavaThread "Thread-2" daemon [_thread_in_native, id=16292, stack(0x0000007469b00000,0x0000007469c00000)]
  0x0000019d4c460080 JavaThread "Thread-3" daemon [_thread_in_native, id=1304, stack(0x0000007469c00000,0x0000007469d00000)]
  0x0000019d4b10b9c0 JavaThread "Thread-4" daemon [_thread_in_native, id=21432, stack(0x0000007469d00000,0x0000007469e00000)]
  0x0000019d4b10b4b0 JavaThread "Thread-5" daemon [_thread_in_native, id=19320, stack(0x0000007469e00000,0x0000007469f00000)]
  0x0000019d4b10c3e0 JavaThread "Thread-10" daemon [_thread_blocked, id=20108, stack(0x0000007469f00000,0x000000746a000000)]
  0x0000019d4b10d310 JavaThread "Thread-11" daemon [_thread_blocked, id=14240, stack(0x000000746a000000,0x000000746a100000)]
  0x0000019d4b10c8f0 JavaThread "Thread-12" daemon [_thread_blocked, id=15120, stack(0x000000746a100000,0x000000746a200000)]
  0x0000019d4b10d820 JavaThread "testcontainers-ryuk" daemon [_thread_blocked, id=1468, stack(0x000000746a200000,0x000000746a300000)]
  0x0000019d4b10ce00 JavaThread "Catalina-utility-1" [_thread_blocked, id=3572, stack(0x000000746a300000,0x000000746a400000)]
  0x0000019d4cca7a30 JavaThread "Catalina-utility-2" [_thread_blocked, id=21420, stack(0x000000746a600000,0x000000746a700000)]
  0x0000019d4ccabc00 JavaThread "container-0" [_thread_blocked, id=12528, stack(0x000000746a700000,0x000000746a800000)]
  0x0000019d4cca60e0 JavaThread "BufferPoolPruner-1-thread-1" daemon [_thread_blocked, id=12896, stack(0x000000746a800000,0x000000746a900000)]
  0x0000019d4ccaacd0 JavaThread "cluster-ClusterId{value='66edd1226b996e78e7b6e4a2', description='null'}-localhost:57031" daemon [_thread_in_native, id=20144, stack(0x000000746a900000,0x000000746aa00000)]
  0x0000019d4cca8450 JavaThread "cluster-rtt-ClusterId{value='66edd1226b996e78e7b6e4a2', description='null'}-localhost:57031" daemon [_thread_blocked, id=17276, stack(0x000000746aa00000,0x000000746ab00000)]
  0x0000019d4ccab1e0 JavaThread "MaintenanceTimer-2-thread-1" daemon [_thread_blocked, id=2932, stack(0x000000746ab00000,0x000000746ac00000)]

Other Threads:
  0x0000019d051faac0 VMThread "VM Thread" [stack: 0x0000007468700000,0x0000007468800000] [id=9292]
  0x0000019d05464630 WatcherThread [stack: 0x0000007469200000,0x0000007469300000] [id=17852]
  0x0000019d689a8330 GCTaskThread "GC Thread#0" [stack: 0x0000007468200000,0x0000007468300000] [id=18744]
  0x0000019d05a7eb80 GCTaskThread "GC Thread#1" [stack: 0x0000007469600000,0x0000007469700000] [id=4948]
  0x0000019d05aa3b20 GCTaskThread "GC Thread#2" [stack: 0x0000007469700000,0x0000007469800000] [id=6964]
  0x0000019d05aa7df0 GCTaskThread "GC Thread#3" [stack: 0x0000007469800000,0x0000007469900000] [id=11072]
  0x0000019d689b5100 ConcurrentGCThread "G1 Main Marker" [stack: 0x0000007468300000,0x0000007468400000] [id=8540]
  0x0000019d689b62c0 ConcurrentGCThread "G1 Conc#0" [stack: 0x0000007468400000,0x0000007468500000] [id=17644]
  0x0000019d050c0090 ConcurrentGCThread "G1 Refine#0" [stack: 0x0000007468500000,0x0000007468600000] [id=13704]
  0x0000019d050c0ac0 ConcurrentGCThread "G1 Service" [stack: 0x0000007468600000,0x0000007468700000] [id=13508]

Threads with active compile tasks:
C2 CompilerThread0    59602 5212       4       org.springframework.core.annotation.AnnotationsScanner::getDeclaredAnnotations (166 bytes)

VM state: not at safepoint (normal execution)

VM Mutex/Monitor currently owned by a thread: None

Heap address: 0x00000000a0c00000, size: 1524 MB, Compressed Oops mode: 32-bit

CDS archive(s) mapped at: [0x0000019d06000000-0x0000019d06ba0000-0x0000019d06ba0000), size 12189696, SharedBaseAddress: 0x0000019d06000000, ArchiveRelocationMode: 1.
Compressed class space mapped at: 0x0000019d07000000-0x0000019d47000000, reserved size: 1073741824
Narrow klass base: 0x0000019d06000000, Narrow klass shift: 0, Narrow klass range: 0x100000000

GC Precious Log:
 CPUs: 4 total, 4 available
 Memory: 6094M
 Large Page Support: Disabled
 NUMA Support: Disabled
 Compressed Oops: Enabled (32-bit)
 Heap Region Size: 1M
 Heap Min Capacity: 8M
 Heap Initial Capacity: 96M
 Heap Max Capacity: 1524M
 Pre-touch: Disabled
 Parallel Workers: 4
 Concurrent Workers: 1
 Concurrent Refinement Workers: 4
 Periodic GC: Disabled

Heap:
 garbage-first heap   total 61440K, used 45101K [0x00000000a0c00000, 0x0000000100000000)
  region size 1024K, 22 young (22528K), 3 survivors (3072K)
 Metaspace       used 47403K, committed 47936K, reserved 1114112K
  class space    used 6163K, committed 6400K, reserved 1048576K

Heap Regions: E=young(eden), S=young(survivor), O=old, HS=humongous(starts), HC=humongous(continues), CS=collection set, F=free, OA=open archive, CA=closed archive, TAMS=top-at-mark-start (previous, next)
|   0|0x00000000a0c00000, 0x00000000a0d00000, 0x00000000a0d00000|100%|HS|  |TAMS 0x00000000a0d00000, 0x00000000a0c00000| Complete 
|   1|0x00000000a0d00000, 0x00000000a0e00000, 0x00000000a0e00000|100%|HC|  |TAMS 0x00000000a0e00000, 0x00000000a0d00000| Complete 
|   2|0x00000000a0e00000, 0x00000000a0f00000, 0x00000000a0f00000|100%| O|  |TAMS 0x00000000a0f00000, 0x00000000a0e00000| Untracked 
|   3|0x00000000a0f00000, 0x00000000a1000000, 0x00000000a1000000|100%| O|  |TAMS 0x00000000a1000000, 0x00000000a0f00000| Untracked 
|   4|0x00000000a1000000, 0x00000000a1100000, 0x00000000a1100000|100%| O|  |TAMS 0x00000000a1100000, 0x00000000a1000000| Untracked 
|   5|0x00000000a1100000, 0x00000000a1200000, 0x00000000a1200000|100%| O|  |TAMS 0x00000000a1200000, 0x00000000a1100000| Untracked 
|   6|0x00000000a1200000, 0x00000000a1300000, 0x00000000a1300000|100%| O|  |TAMS 0x00000000a1300000, 0x00000000a1200000| Untracked 
|   7|0x00000000a1300000, 0x00000000a1400000, 0x00000000a1400000|100%| O|  |TAMS 0x00000000a1400000, 0x00000000a1300000| Untracked 
|   8|0x00000000a1400000, 0x00000000a1500000, 0x00000000a1500000|100%| O|  |TAMS 0x00000000a1500000, 0x00000000a1400000| Untracked 
|   9|0x00000000a1500000, 0x00000000a1600000, 0x00000000a1600000|100%| O|  |TAMS 0x00000000a1600000, 0x00000000a1500000| Untracked 
|  10|0x00000000a1600000, 0x00000000a1700000, 0x00000000a1700000|100%| O|  |TAMS 0x00000000a1700000, 0x00000000a1600000| Untracked 
|  11|0x00000000a1700000, 0x00000000a1800000, 0x00000000a1800000|100%| O|  |TAMS 0x00000000a1800000, 0x00000000a1700000| Untracked 
|  12|0x00000000a1800000, 0x00000000a1900000, 0x00000000a1900000|100%| O|  |TAMS 0x00000000a1900000, 0x00000000a1800000| Untracked 
|  13|0x00000000a1900000, 0x00000000a1a00000, 0x00000000a1a00000|100%| O|  |TAMS 0x00000000a1a00000, 0x00000000a1900000| Untracked 
|  14|0x00000000a1a00000, 0x00000000a1b00000, 0x00000000a1b00000|100%| O|  |TAMS 0x00000000a1b00000, 0x00000000a1a00000| Untracked 
|  15|0x00000000a1b00000, 0x00000000a1b8b200, 0x00000000a1c00000| 54%| O|  |TAMS 0x00000000a1b8b200, 0x00000000a1b00000| Untracked 
|  16|0x00000000a1c00000, 0x00000000a1d00000, 0x00000000a1d00000|100%| O|  |TAMS 0x00000000a1d00000, 0x00000000a1c00000| Untracked 
|  17|0x00000000a1d00000, 0x00000000a1e00000, 0x00000000a1e00000|100%| O|  |TAMS 0x00000000a1e00000, 0x00000000a1d00000| Untracked 
|  18|0x00000000a1e00000, 0x00000000a1f00000, 0x00000000a1f00000|100%| O|  |TAMS 0x00000000a1ef4000, 0x00000000a1e00000| Untracked 
|  19|0x00000000a1f00000, 0x00000000a2000000, 0x00000000a2000000|100%| O|  |TAMS 0x00000000a1f00000, 0x00000000a1f00000| Untracked 
|  20|0x00000000a2000000, 0x00000000a2100000, 0x00000000a2100000|100%| O|  |TAMS 0x00000000a2000000, 0x00000000a2000000| Untracked 
|  21|0x00000000a2100000, 0x00000000a2200000, 0x00000000a2200000|100%| O|  |TAMS 0x00000000a2100000, 0x00000000a2100000| Untracked 
|  22|0x00000000a2200000, 0x00000000a2300000, 0x00000000a2300000|100%| O|  |TAMS 0x00000000a2200000, 0x00000000a2200000| Untracked 
|  23|0x00000000a2300000, 0x00000000a2400000, 0x00000000a2400000|100%| O|  |TAMS 0x00000000a2300000, 0x00000000a2300000| Untracked 
|  24|0x00000000a2400000, 0x00000000a2461c00, 0x00000000a2500000| 38%| O|  |TAMS 0x00000000a2400000, 0x00000000a2400000| Untracked 
|  25|0x00000000a2500000, 0x00000000a2500000, 0x00000000a2600000|  0%| F|  |TAMS 0x00000000a2500000, 0x00000000a2500000| Untracked 
|  26|0x00000000a2600000, 0x00000000a2600000, 0x00000000a2700000|  0%| F|  |TAMS 0x00000000a2600000, 0x00000000a2600000| Untracked 
|  27|0x00000000a2700000, 0x00000000a2700000, 0x00000000a2800000|  0%| F|  |TAMS 0x00000000a2700000, 0x00000000a2700000| Untracked 
|  28|0x00000000a2800000, 0x00000000a2800000, 0x00000000a2900000|  0%| F|  |TAMS 0x00000000a2800000, 0x00000000a2800000| Untracked 
|  29|0x00000000a2900000, 0x00000000a2900000, 0x00000000a2a00000|  0%| F|  |TAMS 0x00000000a2900000, 0x00000000a2900000| Untracked 
|  30|0x00000000a2a00000, 0x00000000a2a00000, 0x00000000a2b00000|  0%| F|  |TAMS 0x00000000a2a00000, 0x00000000a2a00000| Untracked 
|  31|0x00000000a2b00000, 0x00000000a2b00000, 0x00000000a2c00000|  0%| F|  |TAMS 0x00000000a2b00000, 0x00000000a2b00000| Untracked 
|  32|0x00000000a2c00000, 0x00000000a2c00000, 0x00000000a2d00000|  0%| F|  |TAMS 0x00000000a2c00000, 0x00000000a2c00000| Untracked 
|  33|0x00000000a2d00000, 0x00000000a2d00000, 0x00000000a2e00000|  0%| F|  |TAMS 0x00000000a2d00000, 0x00000000a2d00000| Untracked 
|  34|0x00000000a2e00000, 0x00000000a2e00000, 0x00000000a2f00000|  0%| F|  |TAMS 0x00000000a2e00000, 0x00000000a2e00000| Untracked 
|  35|0x00000000a2f00000, 0x00000000a2f00000, 0x00000000a3000000|  0%| F|  |TAMS 0x00000000a2f00000, 0x00000000a2f00000| Untracked 
|  36|0x00000000a3000000, 0x00000000a301e9f8, 0x00000000a3100000| 11%| S|CS|TAMS 0x00000000a3000000, 0x00000000a3000000| Complete 
|  37|0x00000000a3100000, 0x00000000a3200000, 0x00000000a3200000|100%| S|CS|TAMS 0x00000000a3100000, 0x00000000a3100000| Complete 
|  38|0x00000000a3200000, 0x00000000a3300000, 0x00000000a3300000|100%| S|CS|TAMS 0x00000000a3200000, 0x00000000a3200000| Complete 
|  39|0x00000000a3300000, 0x00000000a3300000, 0x00000000a3400000|  0%| F|  |TAMS 0x00000000a3300000, 0x00000000a3300000| Untracked 
|  40|0x00000000a3400000, 0x00000000a3400000, 0x00000000a3500000|  0%| F|  |TAMS 0x00000000a3400000, 0x00000000a3400000| Untracked 
|  41|0x00000000a3500000, 0x00000000a3600000, 0x00000000a3600000|100%| E|  |TAMS 0x00000000a3500000, 0x00000000a3500000| Complete 
|  42|0x00000000a3600000, 0x00000000a3700000, 0x00000000a3700000|100%| E|CS|TAMS 0x00000000a3600000, 0x00000000a3600000| Complete 
|  43|0x00000000a3700000, 0x00000000a3800000, 0x00000000a3800000|100%| E|CS|TAMS 0x00000000a3700000, 0x00000000a3700000| Complete 
|  44|0x00000000a3800000, 0x00000000a3900000, 0x00000000a3900000|100%| E|CS|TAMS 0x00000000a3800000, 0x00000000a3800000| Complete 
|  45|0x00000000a3900000, 0x00000000a3a00000, 0x00000000a3a00000|100%| E|CS|TAMS 0x00000000a3900000, 0x00000000a3900000| Complete 
|  46|0x00000000a3a00000, 0x00000000a3b00000, 0x00000000a3b00000|100%| E|CS|TAMS 0x00000000a3a00000, 0x00000000a3a00000| Complete 
|  47|0x00000000a3b00000, 0x00000000a3c00000, 0x00000000a3c00000|100%| E|CS|TAMS 0x00000000a3b00000, 0x00000000a3b00000| Complete 
|  48|0x00000000a3c00000, 0x00000000a3d00000, 0x00000000a3d00000|100%| E|CS|TAMS 0x00000000a3c00000, 0x00000000a3c00000| Complete 
|  49|0x00000000a3d00000, 0x00000000a3e00000, 0x00000000a3e00000|100%| E|CS|TAMS 0x00000000a3d00000, 0x00000000a3d00000| Complete 
|  50|0x00000000a3e00000, 0x00000000a3f00000, 0x00000000a3f00000|100%| E|CS|TAMS 0x00000000a3e00000, 0x00000000a3e00000| Complete 
|  51|0x00000000a3f00000, 0x00000000a4000000, 0x00000000a4000000|100%| E|CS|TAMS 0x00000000a3f00000, 0x00000000a3f00000| Complete 
|  52|0x00000000a4000000, 0x00000000a4100000, 0x00000000a4100000|100%| E|CS|TAMS 0x00000000a4000000, 0x00000000a4000000| Complete 
|  53|0x00000000a4100000, 0x00000000a4200000, 0x00000000a4200000|100%| E|CS|TAMS 0x00000000a4100000, 0x00000000a4100000| Complete 
|  54|0x00000000a4200000, 0x00000000a4300000, 0x00000000a4300000|100%| E|CS|TAMS 0x00000000a4200000, 0x00000000a4200000| Complete 
|  55|0x00000000a4300000, 0x00000000a4400000, 0x00000000a4400000|100%| E|CS|TAMS 0x00000000a4300000, 0x00000000a4300000| Complete 
|  56|0x00000000a4400000, 0x00000000a4500000, 0x00000000a4500000|100%| E|CS|TAMS 0x00000000a4400000, 0x00000000a4400000| Complete 
|  57|0x00000000a4500000, 0x00000000a4600000, 0x00000000a4600000|100%| E|CS|TAMS 0x00000000a4500000, 0x00000000a4500000| Complete 
|  82|0x00000000a5e00000, 0x00000000a5f00000, 0x00000000a5f00000|100%| E|CS|TAMS 0x00000000a5e00000, 0x00000000a5e00000| Complete 
|  95|0x00000000a6b00000, 0x00000000a6c00000, 0x00000000a6c00000|100%| E|CS|TAMS 0x00000000a6b00000, 0x00000000a6b00000| Complete 

Card table byte_map: [0x0000019d7f770000,0x0000019d7fa70000] _byte_map_base: 0x0000019d7f26a000

Marking Bits (Prev, Next): (CMBitMap*) 0x0000019d689a8950, (CMBitMap*) 0x0000019d689a8990
 Prev Bits: [0x0000019d00000000, 0x0000019d017d0000)
 Next Bits: [0x0000019d017d0000, 0x0000019d02fa0000)

Polling page: 0x0000019d668e0000

Metaspace:

Usage:
  Non-class:     40.27 MB used.
      Class:      6.02 MB used.
       Both:     46.29 MB used.

Virtual space:
  Non-class space:       64.00 MB reserved,      40.56 MB ( 63%) committed,  1 nodes.
      Class space:        1.00 GB reserved,       6.25 MB ( <1%) committed,  1 nodes.
             Both:        1.06 GB reserved,      46.81 MB (  4%) committed. 

Chunk freelists:
   Non-Class:  6.86 MB
       Class:  9.75 MB
        Both:  16.61 MB

MaxMetaspaceSize: unlimited
CompressedClassSpaceSize: 1.00 GB
Initial GC threshold: 21.00 MB
Current GC threshold: 58.75 MB
CDS: on
MetaspaceReclaimPolicy: balanced
 - commit_granule_bytes: 65536.
 - commit_granule_words: 8192.
 - virtual_space_node_default_size: 8388608.
 - enlarge_chunks_in_place: 1.
 - new_chunks_are_fully_committed: 0.
 - uncommit_free_chunks: 1.
 - use_allocation_guard: 0.
 - handle_deallocations: 1.


Internal statistics:

num_allocs_failed_limit: 6.
num_arena_births: 614.
num_arena_deaths: 0.
num_vsnodes_births: 2.
num_vsnodes_deaths: 0.
num_space_committed: 749.
num_space_uncommitted: 0.
num_chunks_returned_to_freelist: 6.
num_chunks_taken_from_freelist: 2321.
num_chunk_merges: 6.
num_chunk_splits: 1651.
num_chunks_enlarged: 1285.
num_inconsistent_stats: 0.

CodeHeap 'non-profiled nmethods': size=120000Kb used=2558Kb max_used=2558Kb free=117441Kb
 bounds [0x0000019d77f40000, 0x0000019d781c0000, 0x0000019d7f470000]
CodeHeap 'profiled nmethods': size=120000Kb used=10989Kb max_used=10989Kb free=109010Kb
 bounds [0x0000019d70470000, 0x0000019d70f30000, 0x0000019d779a0000]
CodeHeap 'non-nmethods': size=5760Kb used=1598Kb max_used=1638Kb free=4162Kb
 bounds [0x0000019d779a0000, 0x0000019d77c10000, 0x0000019d77f40000]
 total_blobs=5880 nmethods=5216 adapters=576
 compilation: enabled
              stopped_count=0, restarted_count=0
 full_count=0

Compilation events (20 events):
Event: 59.087 Thread 0x0000019d05222e70 nmethod 5204 0x0000019d781bde10 code [0x0000019d781bdf80, 0x0000019d781bdff8]
Event: 59.087 Thread 0x0000019d05222e70 5205       4       java.util.Collections$EmptyMap::values (4 bytes)
Event: 59.087 Thread 0x0000019d05226ff0 5207       3       org.springframework.boot.test.mock.mockito.MockitoPostProcessor::postProcessField (29 bytes)
Event: 59.088 Thread 0x0000019d05222e70 nmethod 5205 0x0000019d781be110 code [0x0000019d781be280, 0x0000019d781be2f8]
Event: 59.088 Thread 0x0000019d05222e70 5206       4       java.util.Collections$EmptySet::toArray (11 bytes)
Event: 59.088 Thread 0x0000019d05222e70 nmethod 5206 0x0000019d781be410 code [0x0000019d781be580, 0x0000019d781be618]
Event: 59.088 Thread 0x0000019d05226ff0 nmethod 5207 0x0000019d70f1d310 code [0x0000019d70f1d540, 0x0000019d70f1dd58]
Event: 59.171 Thread 0x0000019d05222e70 5208       4       jdk.internal.org.objectweb.asm.ClassReader::readUtf (161 bytes)
Event: 59.183 Thread 0x0000019d05226ff0 5209       3       java.nio.HeapByteBuffer::<init> (23 bytes)
Event: 59.183 Thread 0x0000019d05226ff0 nmethod 5209 0x0000019d70f1e010 code [0x0000019d70f1e1c0, 0x0000019d70f1e348]
Event: 59.197 Thread 0x0000019d05226ff0 5210       3       java.util.ArrayList::contains (14 bytes)
Event: 59.197 Thread 0x0000019d05226ff0 nmethod 5210 0x0000019d70f1e410 code [0x0000019d70f1e5c0, 0x0000019d70f1e8c8]
Event: 59.197 Thread 0x0000019d05226ff0 5211       3       java.util.LinkedHashSet::<init> (27 bytes)
Event: 59.197 Thread 0x0000019d05222e70 nmethod 5208 0x0000019d781be710 code [0x0000019d781be8c0, 0x0000019d781bf178]
Event: 59.198 Thread 0x0000019d05226ff0 nmethod 5211 0x0000019d70f1e990 code [0x0000019d70f1eb80, 0x0000019d70f1ef28]
Event: 59.223 Thread 0x0000019d05222e70 5212       4       org.springframework.core.annotation.AnnotationsScanner::getDeclaredAnnotations (166 bytes)
Event: 59.287 Thread 0x0000019d05226ff0 5213   !   3       org.springframework.util.ConcurrentReferenceHashMap$Segment::restructure (411 bytes)
Event: 59.291 Thread 0x0000019d05226ff0 nmethod 5213 0x0000019d70f1f090 code [0x0000019d70f1f500, 0x0000019d70f22078]
Event: 59.510 Thread 0x0000019d05226ff0 5217       3       java.util.Formatter::ensureOpen (16 bytes)
Event: 59.510 Thread 0x0000019d05226ff0 nmethod 5217 0x0000019d70f23610 code [0x0000019d70f237c0, 0x0000019d70f23988]

GC Heap History (20 events):
Event: 1.777 GC heap before
{Heap before GC invocations=0 (full 0):
 garbage-first heap   total 98304K, used 14336K [0x00000000a0c00000, 0x0000000100000000)
  region size 1024K, 13 young (13312K), 0 survivors (0K)
 Metaspace       used 2168K, committed 2304K, reserved 1114112K
  class space    used 223K, committed 320K, reserved 1048576K
}
Event: 1.788 GC heap after
{Heap after GC invocations=1 (full 0):
 garbage-first heap   total 98304K, used 9324K [0x00000000a0c00000, 0x0000000100000000)
  region size 1024K, 2 young (2048K), 2 survivors (2048K)
 Metaspace       used 2168K, committed 2304K, reserved 1114112K
  class space    used 223K, committed 320K, reserved 1048576K
}
Event: 2.189 GC heap before
{Heap before GC invocations=1 (full 0):
 garbage-first heap   total 98304K, used 16492K [0x00000000a0c00000, 0x0000000100000000)
  region size 1024K, 9 young (9216K), 2 survivors (2048K)
 Metaspace       used 3993K, committed 4160K, reserved 1114112K
  class space    used 464K, committed 576K, reserved 1048576K
}
Event: 2.194 GC heap after
{Heap after GC invocations=2 (full 0):
 garbage-first heap   total 98304K, used 9899K [0x00000000a0c00000, 0x0000000100000000)
  region size 1024K, 1 young (1024K), 1 survivors (1024K)
 Metaspace       used 3993K, committed 4160K, reserved 1114112K
  class space    used 464K, committed 576K, reserved 1048576K
}
Event: 4.292 GC heap before
{Heap before GC invocations=2 (full 0):
 garbage-first heap   total 98304K, used 32427K [0x00000000a0c00000, 0x0000000100000000)
  region size 1024K, 23 young (23552K), 1 survivors (1024K)
 Metaspace       used 10474K, committed 10688K, reserved 1114112K
  class space    used 1288K, committed 1408K, reserved 1048576K
}
Event: 4.301 GC heap after
{Heap after GC invocations=3 (full 0):
 garbage-first heap   total 98304K, used 11684K [0x00000000a0c00000, 0x0000000100000000)
  region size 1024K, 3 young (3072K), 3 survivors (3072K)
 Metaspace       used 10474K, committed 10688K, reserved 1114112K
  class space    used 1288K, committed 1408K, reserved 1048576K
}
Event: 14.826 GC heap before
{Heap before GC invocations=3 (full 0):
 garbage-first heap   total 98304K, used 61860K [0x00000000a0c00000, 0x0000000100000000)
  region size 1024K, 52 young (53248K), 3 survivors (3072K)
 Metaspace       used 19264K, committed 19520K, reserved 1114112K
  class space    used 2382K, committed 2496K, reserved 1048576K
}
Event: 14.850 GC heap after
{Heap after GC invocations=4 (full 0):
 garbage-first heap   total 98304K, used 16075K [0x00000000a0c00000, 0x0000000100000000)
  region size 1024K, 7 young (7168K), 7 survivors (7168K)
 Metaspace       used 19264K, committed 19520K, reserved 1114112K
  class space    used 2382K, committed 2496K, reserved 1048576K
}
Event: 32.470 GC heap before
{Heap before GC invocations=4 (full 0):
 garbage-first heap   total 98304K, used 28363K [0x00000000a0c00000, 0x0000000100000000)
  region size 1024K, 20 young (20480K), 7 survivors (7168K)
 Metaspace       used 21289K, committed 21504K, reserved 1114112K
  class space    used 2661K, committed 2752K, reserved 1048576K
}
Event: 32.492 GC heap after
{Heap after GC invocations=5 (full 0):
 garbage-first heap   total 98304K, used 16940K [0x00000000a0c00000, 0x0000000100000000)
  region size 1024K, 1 young (1024K), 1 survivors (1024K)
 Metaspace       used 21289K, committed 21504K, reserved 1114112K
  class space    used 2661K, committed 2752K, reserved 1048576K
}
Event: 34.308 GC heap before
{Heap before GC invocations=6 (full 0):
 garbage-first heap   total 61440K, used 50732K [0x00000000a0c00000, 0x0000000100000000)
  region size 1024K, 36 young (36864K), 1 survivors (1024K)
 Metaspace       used 29491K, committed 29824K, reserved 1114112K
  class space    used 3753K, committed 3904K, reserved 1048576K
}
Event: 34.316 GC heap after
{Heap after GC invocations=7 (full 0):
 garbage-first heap   total 61440K, used 19086K [0x00000000a0c00000, 0x0000000100000000)
  region size 1024K, 4 young (4096K), 4 survivors (4096K)
 Metaspace       used 29491K, committed 29824K, reserved 1114112K
  class space    used 3753K, committed 3904K, reserved 1048576K
}
Event: 35.565 GC heap before
{Heap before GC invocations=7 (full 0):
 garbage-first heap   total 61440K, used 42638K [0x00000000a0c00000, 0x0000000100000000)
  region size 1024K, 28 young (28672K), 4 survivors (4096K)
 Metaspace       used 34430K, committed 34816K, reserved 1114112K
  class space    used 4363K, committed 4544K, reserved 1048576K
}
Event: 35.576 GC heap after
{Heap after GC invocations=8 (full 0):
 garbage-first heap   total 61440K, used 22152K [0x00000000a0c00000, 0x0000000100000000)
  region size 1024K, 4 young (4096K), 4 survivors (4096K)
 Metaspace       used 34430K, committed 34816K, reserved 1114112K
  class space    used 4363K, committed 4544K, reserved 1048576K
}
Event: 36.918 GC heap before
{Heap before GC invocations=8 (full 0):
 garbage-first heap   total 61440K, used 36488K [0x00000000a0c00000, 0x0000000100000000)
  region size 1024K, 19 young (19456K), 4 survivors (4096K)
 Metaspace       used 35672K, committed 35968K, reserved 1114112K
  class space    used 4518K, committed 4672K, reserved 1048576K
}
Event: 36.928 GC heap after
{Heap after GC invocations=9 (full 0):
 garbage-first heap   total 61440K, used 23264K [0x00000000a0c00000, 0x0000000100000000)
  region size 1024K, 2 young (2048K), 2 survivors (2048K)
 Metaspace       used 35672K, committed 35968K, reserved 1114112K
  class space    used 4518K, committed 4672K, reserved 1048576K
}
Event: 38.286 GC heap before
{Heap before GC invocations=10 (full 0):
 garbage-first heap   total 61440K, used 45792K [0x00000000a0c00000, 0x0000000100000000)
  region size 1024K, 24 young (24576K), 2 survivors (2048K)
 Metaspace       used 39309K, committed 39680K, reserved 1114112K
  class space    used 5024K, committed 5184K, reserved 1048576K
}
Event: 38.300 GC heap after
{Heap after GC invocations=11 (full 0):
 garbage-first heap   total 61440K, used 24687K [0x00000000a0c00000, 0x0000000100000000)
  region size 1024K, 3 young (3072K), 3 survivors (3072K)
 Metaspace       used 39309K, committed 39680K, reserved 1114112K
  class space    used 5024K, committed 5184K, reserved 1048576K
}
Event: 42.716 GC heap before
{Heap before GC invocations=11 (full 0):
 garbage-first heap   total 61440K, used 46191K [0x00000000a0c00000, 0x0000000100000000)
  region size 1024K, 24 young (24576K), 3 survivors (3072K)
 Metaspace       used 43267K, committed 43776K, reserved 1114112K
  class space    used 5536K, committed 5760K, reserved 1048576K
}
Event: 42.727 GC heap after
{Heap after GC invocations=12 (full 0):
 garbage-first heap   total 61440K, used 26669K [0x00000000a0c00000, 0x0000000100000000)
  region size 1024K, 3 young (3072K), 3 survivors (3072K)
 Metaspace       used 43267K, committed 43776K, reserved 1114112K
  class space    used 5536K, committed 5760K, reserved 1048576K
}

Dll operation events (10 events):
Event: 0.021 Loaded shared library C:\Users\ASUS\AppData\Local\Programs\Eclipse Adoptium\jdk-17.0.9.9-hotspot\bin\java.dll
Event: 0.100 Loaded shared library C:\Users\ASUS\AppData\Local\Programs\Eclipse Adoptium\jdk-17.0.9.9-hotspot\bin\jsvml.dll
Event: 0.164 Loaded shared library C:\Users\ASUS\AppData\Local\Programs\Eclipse Adoptium\jdk-17.0.9.9-hotspot\bin\net.dll
Event: 0.171 Loaded shared library C:\Users\ASUS\AppData\Local\Programs\Eclipse Adoptium\jdk-17.0.9.9-hotspot\bin\nio.dll
Event: 0.180 Loaded shared library C:\Users\ASUS\AppData\Local\Programs\Eclipse Adoptium\jdk-17.0.9.9-hotspot\bin\zip.dll
Event: 0.317 Loaded shared library C:\Users\ASUS\AppData\Local\Programs\Eclipse Adoptium\jdk-17.0.9.9-hotspot\bin\management.dll
Event: 0.329 Loaded shared library C:\Users\ASUS\AppData\Local\Programs\Eclipse Adoptium\jdk-17.0.9.9-hotspot\bin\management_ext.dll
Event: 0.377 Loaded shared library C:\Users\ASUS\AppData\Local\Programs\Eclipse Adoptium\jdk-17.0.9.9-hotspot\bin\jimage.dll
Event: 3.678 Loaded shared library C:\Users\ASUS\AppData\Local\Programs\Eclipse Adoptium\jdk-17.0.9.9-hotspot\bin\verify.dll
Event: 34.958 Loaded shared library C:\Users\ASUS\AppData\Local\Programs\Eclipse Adoptium\jdk-17.0.9.9-hotspot\bin\sunmscapi.dll

Deoptimization events (20 events):
Event: 58.379 Thread 0x0000019d6895c910 Uncommon trap: trap_request=0xffffff45 fr.pc=0x0000019d77f69bc0 relative=0x00000000000004a0
Event: 58.379 Thread 0x0000019d6895c910 Uncommon trap: reason=unstable_if action=reinterpret pc=0x0000019d77f69bc0 method=java.lang.String.substring(II)Ljava/lang/String; @ 31 c2
Event: 58.379 Thread 0x0000019d6895c910 DEOPT PACKING pc=0x0000019d77f69bc0 sp=0x00000074681f5060
Event: 58.379 Thread 0x0000019d6895c910 DEOPT UNPACKING pc=0x0000019d779f69a3 sp=0x00000074681f5030 mode 2
Event: 58.386 Thread 0x0000019d6895c910 Uncommon trap: trap_request=0xffffff45 fr.pc=0x0000019d77fbc78c relative=0x000000000000018c
Event: 58.386 Thread 0x0000019d6895c910 Uncommon trap: reason=unstable_if action=reinterpret pc=0x0000019d77fbc78c method=java.lang.String.equals(Ljava/lang/Object;)Z @ 33 c2
Event: 58.386 Thread 0x0000019d6895c910 DEOPT PACKING pc=0x0000019d77fbc78c sp=0x00000074681f50a0
Event: 58.386 Thread 0x0000019d6895c910 DEOPT UNPACKING pc=0x0000019d779f69a3 sp=0x00000074681f5040 mode 2
Event: 58.752 Thread 0x0000019d6895c910 Uncommon trap: trap_request=0xfffffff4 fr.pc=0x0000019d78123354 relative=0x00000000000008f4
Event: 58.752 Thread 0x0000019d6895c910 Uncommon trap: reason=null_check action=make_not_entrant pc=0x0000019d78123354 method=org.springframework.beans.factory.support.DefaultListableBeanFactory.getBeanDefinition(Ljava/lang/String;)Lorg/springframework/beans/factory/config/BeanDefinition; @ 10 
Event: 58.752 Thread 0x0000019d6895c910 DEOPT PACKING pc=0x0000019d78123354 sp=0x00000074681f6420
Event: 58.752 Thread 0x0000019d6895c910 DEOPT UNPACKING pc=0x0000019d779f69a3 sp=0x00000074681f6358 mode 2
Event: 59.171 Thread 0x0000019d6895c910 DEOPT PACKING pc=0x0000019d7063d2a3 sp=0x00000074681f64a0
Event: 59.171 Thread 0x0000019d6895c910 DEOPT UNPACKING pc=0x0000019d779f7143 sp=0x00000074681f5910 mode 0
Event: 59.201 Thread 0x0000019d6895c910 DEOPT PACKING pc=0x0000019d70bedddc sp=0x00000074681f7780
Event: 59.201 Thread 0x0000019d6895c910 DEOPT UNPACKING pc=0x0000019d779f7143 sp=0x00000074681f6cd8 mode 0
Event: 59.201 Thread 0x0000019d6895c910 Uncommon trap: trap_request=0xffffffde fr.pc=0x0000019d78103df4 relative=0x00000000000000d4
Event: 59.201 Thread 0x0000019d6895c910 Uncommon trap: reason=class_check action=maybe_recompile pc=0x0000019d78103df4 method=org.springframework.util.ConcurrentReferenceHashMap.get(Ljava/lang/Object;)Ljava/lang/Object; @ 14 c2
Event: 59.201 Thread 0x0000019d6895c910 DEOPT PACKING pc=0x0000019d78103df4 sp=0x00000074681f79e0
Event: 59.201 Thread 0x0000019d6895c910 DEOPT UNPACKING pc=0x0000019d779f69a3 sp=0x00000074681f7970 mode 2

Classes unloaded (0 events):
No events

Classes redefined (0 events):
No events

Internal exceptions (20 events):
Event: 38.849 Thread 0x0000019d6895c910 Exception <a 'java/lang/NoSuchMethodError'{0x00000000a4246198}: 'void java.lang.invoke.DirectMethodHandle$Holder.invokeStatic(java.lang.Object, java.lang.Object, java.lang.Object, int, java.lang.Object)'> (0x00000000a4246198) 
thrown [s\src\hotspot\share\interpreter\linkResolver.cpp, line 759]
Event: 38.851 Thread 0x0000019d6895c910 Exception <a 'java/lang/NoSuchMethodError'{0x00000000a424deb0}: 'java.lang.Object java.lang.invoke.DirectMethodHandle$Holder.newInvokeSpecial(java.lang.Object, java.lang.Object, java.lang.Object, int)'> (0x00000000a424deb0) 
thrown [s\src\hotspot\share\interpreter\linkResolver.cpp, line 759]
Event: 38.852 Thread 0x0000019d6895c910 Exception <a 'java/lang/NoSuchMethodError'{0x00000000a4252720}: 'java.lang.Object java.lang.invoke.DirectMethodHandle$Holder.invokeSpecial(java.lang.Object, java.lang.Object, java.lang.Object, java.lang.Object, int)'> (0x00000000a4252720) 
thrown [s\src\hotspot\share\interpreter\linkResolver.cpp, line 759]
Event: 38.853 Thread 0x0000019d6895c910 Exception <a 'java/lang/NoSuchMethodError'{0x00000000a42568f0}: 'java.lang.Object java.lang.invoke.Invokers$Holder.linkToTargetMethod(java.lang.Object, java.lang.Object, int, java.lang.Object)'> (0x00000000a42568f0) 
thrown [s\src\hotspot\share\interpreter\linkResolver.cpp, line 759]
Event: 39.351 Thread 0x0000019d6895c910 Exception <a 'java/lang/NoSuchMethodError'{0x00000000a3af10c8}: 'java.lang.Object java.lang.invoke.DirectMethodHandle$Holder.invokeSpecial(java.lang.Object, java.lang.Object, long, java.lang.Object, java.lang.Object, java.lang.Object, java.lang.Object, java.lang.Object, java.lang.Object)'> (0x00000000a3af10c8) 
thrown [s\src\hotspot\share\interpreter\linkResolver.cpp, line 759]
Event: 39.351 Thread 0x0000019d6895c910 Exception <a 'java/lang/NoSuchMethodError'{0x00000000a3af6140}: 'java.lang.Object java.lang.invoke.DelegatingMethodHandle$Holder.reinvoke_L(java.lang.Object, long, java.lang.Object, java.lang.Object, java.lang.Object, java.lang.Object, java.lang.Object, java.lang.Object)'> (0x00000000a3af6140) 
thrown [s\src\hotspot\share\interpreter\linkResolver.cpp, line 759]
Event: 39.421 Thread 0x0000019d6895c910 Implicit null exception at 0x0000019d7811eb9c to 0x0000019d78120440
Event: 39.466 Thread 0x0000019d6895c910 Exception <a 'java/io/FileNotFoundException'{0x00000000a384e488}> (0x00000000a384e488) 
thrown [s\src\hotspot\share\prims\jni.cpp, line 516]
Event: 39.466 Thread 0x0000019d6895c910 Exception <a 'java/io/FileNotFoundException'{0x00000000a384fd68}> (0x00000000a384fd68) 
thrown [s\src\hotspot\share\prims\jni.cpp, line 516]
Event: 39.599 Thread 0x0000019d6895c910 Exception <a 'java/lang/NoSuchMethodError'{0x00000000a3613348}: 'int java.lang.invoke.DirectMethodHandle$Holder.invokeInterface(java.lang.Object, java.lang.Object, java.lang.Object, java.lang.Object)'> (0x00000000a3613348) 
thrown [s\src\hotspot\share\interpreter\linkResolver.cpp, line 759]
Event: 39.724 Thread 0x0000019d6895c910 Exception <a 'java/lang/NoSuchMethodError'{0x00000000a35cbb30}: 'long java.lang.invoke.DirectMethodHandle$Holder.invokeVirtual(java.lang.Object, java.lang.Object)'> (0x00000000a35cbb30) 
thrown [s\src\hotspot\share\interpreter\linkResolver.cpp, line 759]
Event: 58.021 Thread 0x0000019d6895c910 Exception <a 'java/lang/NoSuchMethodError'{0x00000000a3fc6100}: 'long java.lang.invoke.DirectMethodHandle$Holder.invokeStatic(java.lang.Object)'> (0x00000000a3fc6100) 
thrown [s\src\hotspot\share\interpreter\linkResolver.cpp, line 759]
Event: 58.051 Thread 0x0000019d4cca8450 Exception <a 'java/lang/reflect/InvocationTargetException'{0x00000000a3f72e48}> (0x00000000a3f72e48) 
thrown [s\src\hotspot\share\runtime\reflection.cpp, line 1121]
Event: 58.051 Thread 0x0000019d4ccaacd0 Exception <a 'java/lang/reflect/InvocationTargetException'{0x00000000a3ebbc90}> (0x00000000a3ebbc90) 
thrown [s\src\hotspot\share\runtime\reflection.cpp, line 1121]
Event: 58.605 Thread 0x0000019d6895c910 Exception <a 'java/lang/IncompatibleClassChangeError'{0x00000000a3933948}: Found class java.lang.Object, but interface was expected> (0x00000000a3933948) 
thrown [s\src\hotspot\share\interpreter\linkResolver.cpp, line 826]
Event: 58.752 Thread 0x0000019d6895c910 Implicit null exception at 0x0000019d78122db3 to 0x0000019d78123344
Event: 58.759 Thread 0x0000019d6895c910 Exception <a 'sun/nio/fs/WindowsException'{0x00000000a386ccc8}> (0x00000000a386ccc8) 
thrown [s\src\hotspot\share\prims\jni.cpp, line 516]
Event: 58.762 Thread 0x0000019d6895c910 Exception <a 'sun/nio/fs/WindowsException'{0x00000000a3871d88}> (0x00000000a3871d88) 
thrown [s\src\hotspot\share\prims\jni.cpp, line 516]
Event: 58.769 Thread 0x0000019d6895c910 Exception <a 'java/lang/IncompatibleClassChangeError'{0x00000000a387fec0}: Found class java.lang.Object, but interface was expected> (0x00000000a387fec0) 
thrown [s\src\hotspot\share\interpreter\linkResolver.cpp, line 826]
Event: 59.272 Thread 0x0000019d6895c910 Exception <a 'java/lang/IncompatibleClassChangeError'{0x00000000a362d970}: Found class java.lang.Object, but interface was expected> (0x00000000a362d970) 
thrown [s\src\hotspot\share\interpreter\linkResolver.cpp, line 826]

VM Operations (20 events):
Event: 50.792 Executing VM operation: Cleanup
Event: 50.792 Executing VM operation: Cleanup done
Event: 54.822 Executing VM operation: Cleanup
Event: 54.822 Executing VM operation: Cleanup done
Event: 55.823 Executing VM operation: Cleanup
Event: 55.823 Executing VM operation: Cleanup done
Event: 57.838 Executing VM operation: Cleanup
Event: 57.839 Executing VM operation: Cleanup done
Event: 57.970 Executing VM operation: HandshakeAllThreads
Event: 57.971 Executing VM operation: HandshakeAllThreads done
Event: 58.100 Executing VM operation: HandshakeAllThreads
Event: 58.101 Executing VM operation: HandshakeAllThreads done
Event: 58.129 Executing VM operation: HandshakeAllThreads
Event: 58.129 Executing VM operation: HandshakeAllThreads done
Event: 58.304 Executing VM operation: HandshakeAllThreads
Event: 58.304 Executing VM operation: HandshakeAllThreads done
Event: 59.200 Executing VM operation: HandshakeAllThreads
Event: 59.200 Executing VM operation: HandshakeAllThreads done
Event: 59.200 Executing VM operation: Cleanup
Event: 59.200 Executing VM operation: Cleanup done

Events (20 events):
Event: 58.467 loading class jdk/internal/icu/text/NormalizerBase$NFCMode
Event: 58.467 loading class jdk/internal/icu/text/NormalizerBase$NFCMode done
Event: 58.467 loading class jdk/internal/icu/text/NormalizerBase$NFKCMode
Event: 58.468 loading class jdk/internal/icu/text/NormalizerBase$NFKCMode done
Event: 58.468 loading class jdk/internal/icu/text/UCharacterIterator
Event: 58.468 loading class jdk/internal/icu/text/UCharacterIterator done
Event: 58.468 loading class jdk/internal/icu/impl/ReplaceableUCharacterIterator
Event: 58.469 loading class jdk/internal/icu/impl/ReplaceableUCharacterIterator done
Event: 58.469 loading class jdk/internal/icu/text/ReplaceableString
Event: 58.469 loading class jdk/internal/icu/text/Replaceable
Event: 58.469 loading class jdk/internal/icu/text/Replaceable done
Event: 58.469 loading class jdk/internal/icu/text/ReplaceableString done
Event: 58.701 loading class java/util/WeakHashMap$KeyIterator
Event: 58.718 loading class java/util/WeakHashMap$HashIterator
Event: 58.721 loading class java/util/WeakHashMap$HashIterator done
Event: 58.721 loading class java/util/WeakHashMap$KeyIterator done
Event: 58.721 loading class java/util/WeakHashMap$EntrySet
Event: 58.722 loading class java/util/WeakHashMap$EntrySet done
Event: 58.722 loading class java/util/WeakHashMap$EntryIterator
Event: 58.722 loading class java/util/WeakHashMap$EntryIterator done


Dynamic libraries:
0x00007ff7ef1e0000 - 0x00007ff7ef1ee000 	C:\Users\ASUS\AppData\Local\Programs\Eclipse Adoptium\jdk-17.0.9.9-hotspot\bin\java.exe
0x00007ffb13250000 - 0x00007ffb13467000 	C:\WINDOWS\SYSTEM32\ntdll.dll
0x00007ffb124c0000 - 0x00007ffb12584000 	C:\WINDOWS\System32\KERNEL32.DLL
0x00007ffb10bd0000 - 0x00007ffb10f7d000 	C:\WINDOWS\System32\KERNELBASE.dll
0x00007ffb10800000 - 0x00007ffb10911000 	C:\WINDOWS\System32\ucrtbase.dll
0x00007ffafdcb0000 - 0x00007ffafdcc7000 	C:\Users\ASUS\AppData\Local\Programs\Eclipse Adoptium\jdk-17.0.9.9-hotspot\bin\jli.dll
0x00007ffb11100000 - 0x00007ffb112ae000 	C:\WINDOWS\System32\USER32.dll
0x00007ffb10700000 - 0x00007ffb10726000 	C:\WINDOWS\System32\win32u.dll
0x00007ffb12140000 - 0x00007ffb12169000 	C:\WINDOWS\System32\GDI32.dll
0x00007ffb105e0000 - 0x00007ffb106f9000 	C:\WINDOWS\System32\gdi32full.dll
0x00007ffb10730000 - 0x00007ffb107ca000 	C:\WINDOWS\System32\msvcp_win.dll
0x00007ffafa720000 - 0x00007ffafa9b3000 	C:\WINDOWS\WinSxS\amd64_microsoft.windows.common-controls_6595b64144ccf1df_6.0.22621.3672_none_2713b9d173822955\COMCTL32.dll
0x00007ffb11050000 - 0x00007ffb110f7000 	C:\WINDOWS\System32\msvcrt.dll
0x00007ffb02cd0000 - 0x00007ffb02ceb000 	C:\Users\ASUS\AppData\Local\Programs\Eclipse Adoptium\jdk-17.0.9.9-hotspot\bin\VCRUNTIME140.dll
0x00007ffb11790000 - 0x00007ffb117c1000 	C:\WINDOWS\System32\IMM32.DLL
0x00007ffb0ad20000 - 0x00007ffb0ad2c000 	C:\Users\ASUS\AppData\Local\Programs\Eclipse Adoptium\jdk-17.0.9.9-hotspot\bin\vcruntime140_1.dll
0x00007fface920000 - 0x00007fface9ad000 	C:\Users\ASUS\AppData\Local\Programs\Eclipse Adoptium\jdk-17.0.9.9-hotspot\bin\msvcp140.dll
0x00007ffaabf50000 - 0x00007ffaacbb1000 	C:\Users\ASUS\AppData\Local\Programs\Eclipse Adoptium\jdk-17.0.9.9-hotspot\bin\server\jvm.dll
0x00007ffb12d00000 - 0x00007ffb12db2000 	C:\WINDOWS\System32\ADVAPI32.dll
0x00007ffb116d0000 - 0x00007ffb11779000 	C:\WINDOWS\System32\sechost.dll
0x00007ffb107d0000 - 0x00007ffb107f8000 	C:\WINDOWS\System32\bcrypt.dll
0x00007ffb12ec0000 - 0x00007ffb12fd4000 	C:\WINDOWS\System32\RPCRT4.dll
0x00007ffb10440000 - 0x00007ffb1048d000 	C:\WINDOWS\SYSTEM32\POWRPROF.dll
0x00007ffb0d620000 - 0x00007ffb0d629000 	C:\WINDOWS\SYSTEM32\WSOCK32.dll
0x00007ffb117d0000 - 0x00007ffb11841000 	C:\WINDOWS\System32\WS2_32.dll
0x00007ffb08d50000 - 0x00007ffb08d84000 	C:\WINDOWS\SYSTEM32\WINMM.dll
0x00007ffb06450000 - 0x00007ffb0645a000 	C:\WINDOWS\SYSTEM32\VERSION.dll
0x00007ffb10420000 - 0x00007ffb10433000 	C:\WINDOWS\SYSTEM32\UMPDC.dll
0x00007ffb0f590000 - 0x00007ffb0f5a8000 	C:\WINDOWS\SYSTEM32\kernel.appcore.dll
0x00007ffb02cc0000 - 0x00007ffb02cca000 	C:\Users\ASUS\AppData\Local\Programs\Eclipse Adoptium\jdk-17.0.9.9-hotspot\bin\jimage.dll
0x00007ffb0a3a0000 - 0x00007ffb0a5d2000 	C:\WINDOWS\SYSTEM32\DBGHELP.DLL
0x00007ffb112b0000 - 0x00007ffb1163e000 	C:\WINDOWS\System32\combase.dll
0x00007ffb123e0000 - 0x00007ffb124b7000 	C:\WINDOWS\System32\OLEAUT32.dll
0x00007ffaee510000 - 0x00007ffaee542000 	C:\WINDOWS\SYSTEM32\dbgcore.DLL
0x00007ffb10920000 - 0x00007ffb1099b000 	C:\WINDOWS\System32\bcryptPrimitives.dll
0x00007ffafb480000 - 0x00007ffafb4a5000 	C:\Users\ASUS\AppData\Local\Programs\Eclipse Adoptium\jdk-17.0.9.9-hotspot\bin\java.dll
0x00007ffabf7b0000 - 0x00007ffabf887000 	C:\Users\ASUS\AppData\Local\Programs\Eclipse Adoptium\jdk-17.0.9.9-hotspot\bin\jsvml.dll
0x00007ffb11850000 - 0x00007ffb120b7000 	C:\WINDOWS\System32\SHELL32.dll
0x00007ffb0e4a0000 - 0x00007ffb0ed9f000 	C:\WINDOWS\SYSTEM32\windows.storage.dll
0x00007ffb0e360000 - 0x00007ffb0e49f000 	C:\WINDOWS\SYSTEM32\wintypes.dll
0x00007ffb12dc0000 - 0x00007ffb12eb9000 	C:\WINDOWS\System32\SHCORE.dll
0x00007ffb120e0000 - 0x00007ffb1213e000 	C:\WINDOWS\System32\shlwapi.dll
0x00007ffb104a0000 - 0x00007ffb104c7000 	C:\WINDOWS\SYSTEM32\profapi.dll
0x00007ffafb170000 - 0x00007ffafb189000 	C:\Users\ASUS\AppData\Local\Programs\Eclipse Adoptium\jdk-17.0.9.9-hotspot\bin\net.dll
0x00007ffb07970000 - 0x00007ffb07aa6000 	C:\WINDOWS\SYSTEM32\WINHTTP.dll
0x00007ffb0fa10000 - 0x00007ffb0fa79000 	C:\WINDOWS\system32\mswsock.dll
0x00007ffaf3000000 - 0x00007ffaf3016000 	C:\Users\ASUS\AppData\Local\Programs\Eclipse Adoptium\jdk-17.0.9.9-hotspot\bin\nio.dll
0x00007ffaf2ee0000 - 0x00007ffaf2ef8000 	C:\Users\ASUS\AppData\Local\Programs\Eclipse Adoptium\jdk-17.0.9.9-hotspot\bin\zip.dll
0x00007ffb0a6b0000 - 0x00007ffb0a6b9000 	C:\Users\ASUS\AppData\Local\Programs\Eclipse Adoptium\jdk-17.0.9.9-hotspot\bin\management.dll
0x00007ffb0a640000 - 0x00007ffb0a64b000 	C:\Users\ASUS\AppData\Local\Programs\Eclipse Adoptium\jdk-17.0.9.9-hotspot\bin\management_ext.dll
0x00007ffb123d0000 - 0x00007ffb123d8000 	C:\WINDOWS\System32\PSAPI.DLL
0x00007ffaf2ed0000 - 0x00007ffaf2ee0000 	C:\Users\ASUS\AppData\Local\Programs\Eclipse Adoptium\jdk-17.0.9.9-hotspot\bin\verify.dll
0x00007ffb0fc80000 - 0x00007ffb0fc9b000 	C:\WINDOWS\SYSTEM32\CRYPTSP.dll
0x00007ffb0f4f0000 - 0x00007ffb0f525000 	C:\WINDOWS\system32\rsaenh.dll
0x00007ffb0fb20000 - 0x00007ffb0fb48000 	C:\WINDOWS\SYSTEM32\USERENV.dll
0x00007ffb0fca0000 - 0x00007ffb0fcac000 	C:\WINDOWS\SYSTEM32\CRYPTBASE.dll
0x00007ffb0f040000 - 0x00007ffb0f06d000 	C:\WINDOWS\SYSTEM32\IPHLPAPI.DLL
0x00007ffb11780000 - 0x00007ffb11789000 	C:\WINDOWS\System32\NSI.dll
0x00007ffb07890000 - 0x00007ffb078a9000 	C:\WINDOWS\SYSTEM32\dhcpcsvc6.DLL
0x00007ffb07770000 - 0x00007ffb0778f000 	C:\WINDOWS\SYSTEM32\dhcpcsvc.DLL
0x00007ffb0f0c0000 - 0x00007ffb0f1b8000 	C:\WINDOWS\SYSTEM32\DNSAPI.dll
0x00007ffb03990000 - 0x00007ffb0399a000 	C:\Windows\System32\rasadhlp.dll
0x00007ffb03880000 - 0x00007ffb03903000 	C:\WINDOWS\System32\fwpuclnt.dll
0x00007ffb08550000 - 0x00007ffb0855e000 	C:\Users\ASUS\AppData\Local\Programs\Eclipse Adoptium\jdk-17.0.9.9-hotspot\bin\sunmscapi.dll
0x00007ffb10a60000 - 0x00007ffb10bc6000 	C:\WINDOWS\System32\CRYPT32.dll
0x00007ffb0fe20000 - 0x00007ffb0fe4e000 	C:\WINDOWS\SYSTEM32\ncrypt.dll
0x00007ffb0fde0000 - 0x00007ffb0fe17000 	C:\WINDOWS\SYSTEM32\NTASN1.dll

dbghelp: loaded successfully - version: 4.0.5 - missing functions: none
symbol engine: initialized successfully - sym options: 0x614 - pdb path: .;C:\Users\ASUS\AppData\Local\Programs\Eclipse Adoptium\jdk-17.0.9.9-hotspot\bin;C:\WINDOWS\SYSTEM32;C:\WINDOWS\WinSxS\amd64_microsoft.windows.common-controls_6595b64144ccf1df_6.0.22621.3672_none_2713b9d173822955;C:\Users\ASUS\AppData\Local\Programs\Eclipse Adoptium\jdk-17.0.9.9-hotspot\bin\server

VM Arguments:
java_command: C:\Users\ASUS\AppData\Local\Temp\surefire4259296947369721772\surefirebooter-20240921011544254_3.jar C:\Users\ASUS\AppData\Local\Temp\surefire4259296947369721772 2024-09-21T01-15-43_364-jvmRun1 surefire-20240921011544254_1tmp surefire_0-20240921011544254_2tmp
java_class_path (initial): C:\Users\ASUS\AppData\Local\Temp\surefire4259296947369721772\surefirebooter-20240921011544254_3.jar
Launcher Type: SUN_STANDARD

[Global flags]
     intx CICompilerCount                          = 3                                         {product} {ergonomic}
     uint ConcGCThreads                            = 1                                         {product} {ergonomic}
     uint G1ConcRefinementThreads                  = 4                                         {product} {ergonomic}
   size_t G1HeapRegionSize                         = 1048576                                   {product} {ergonomic}
    uintx GCDrainStackTargetSize                   = 64                                        {product} {ergonomic}
   size_t InitialHeapSize                          = 100663296                                 {product} {ergonomic}
   size_t MarkStackSize                            = 4194304                                   {product} {ergonomic}
   size_t MaxHeapSize                              = 1598029824                                {product} {ergonomic}
   size_t MaxNewSize                               = 958398464                                 {product} {ergonomic}
   size_t MinHeapDeltaBytes                        = 1048576                                   {product} {ergonomic}
   size_t MinHeapSize                              = 8388608                                   {product} {ergonomic}
    uintx NonNMethodCodeHeapSize                   = 5832780                                {pd product} {ergonomic}
    uintx NonProfiledCodeHeapSize                  = 122912730                              {pd product} {ergonomic}
    uintx ProfiledCodeHeapSize                     = 122912730                              {pd product} {ergonomic}
    uintx ReservedCodeCacheSize                    = 251658240                              {pd product} {ergonomic}
     bool SegmentedCodeCache                       = true                                      {product} {ergonomic}
   size_t SoftMaxHeapSize                          = 1598029824                             {manageable} {ergonomic}
     bool UseCompressedClassPointers               = true                           {product lp64_product} {ergonomic}
     bool UseCompressedOops                        = true                           {product lp64_product} {ergonomic}
     bool UseG1GC                                  = true                                      {product} {ergonomic}
     bool UseLargePagesIndividualAllocation        = false                                  {pd product} {ergonomic}

Logging:
Log output configuration:
 #0: stdout all=warning uptime,level,tags
 #1: stderr all=off uptime,level,tags

Environment Variables:
JAVA_HOME=C:\Users\ASUS\AppData\Local\Programs\Eclipse Adoptium\jdk-17.0.9.9-hotspot\
PATH=C:\Program Files\Eclipse Adoptium\jdk-21.0.1.12-hotspot\bin;C:\WINDOWS\system32;C:\WINDOWS;C:\WINDOWS\System32\Wbem;C:\WINDOWS\System32\WindowsPowerShell\v1.0\;C:\WINDOWS\System32\OpenSSH\;C:\Users\ASUS\anaconda3;C:\Program Files\CMake\bin;C:\Program Files\Microsoft SQL Server\150\Tools\Binn\;C:\Program Files\Microsoft SQL Server\Client SDK\ODBC\170\Tools\Binn\;C:\Program Files\dotnet\;C:\Program Files (x86)\Windows Kits\10\Windows Performance Toolkit\;D:\Git\cmd;C:\apache-maven-3.9.6\bin;C:\Program Files\nodejs\;C:\Program Files\Docker\Docker\resources\bin;C:\Users\ASUS\AppData\Local\Packages\PythonSoftwareFoundation.Python.3.10_qbz5n2kfra8p0\LocalCache\local-packages\Python310\Scripts;C:\Program Files\Eclipse Adoptium\jdk-21.0.1.12-hotspot\bin;C:\WINDOWS\system32;C:\WINDOWS;C:\WINDOWS\System32\Wbem;C:\WINDOWS\System32\WindowsPowerShell\v1.0\;C:\WINDOWS\System32\OpenSSH\;C:\Program Files\Git\cmd;C:\Users\ASUS\AppData\Local\Programs\Eclipse Adoptium\jdk-17.0.9.9-hotspot\bin;C:\Users\ASUS\AppData\Local\Microsoft\WindowsApps;C:\Users\ASUS\AppData\Local\Programs\Microsoft VS Code\bin;C:\msys64\mingw64\bin;C:\Users\ASUS\AppData\Roaming\Microsoft\Windows\Start Menu\Programs\Python 3.11\Python 3.11 (64-bit).lnk;C:\Program Files\PostgreSQL;'C:\Users\ASUS\anaconda3\Scripts';C:\Users\ASUS\.dotnet\tools;D:\IntelliJ IDEA Community Edition 2023.3.4\bin;;C:\Users\ASUS\AppData\Local\Microsoft\WindowsApps;C:\Users\ASUS\AppData\Local\Microsoft\WinGet\Packages\Schniz.fnm_Microsoft.Winget.Source_8wekyb3d8bbwe;C:\Users\ASUS\AppData\Roaming\npm
USERNAME=ASUS
OS=Windows_NT
PROCESSOR_IDENTIFIER=AMD64 Family 23 Model 24 Stepping 1, AuthenticAMD
TMP=C:\Users\ASUS\AppData\Local\Temp
TEMP=C:\Users\ASUS\AppData\Local\Temp



Periodic native trim disabled


---------------  S Y S T E M  ---------------

OS:
 Windows 11 , 64 bit Build 22621 (10.0.22621.3958)
OS uptime: 1 days 1:24 hours
Hyper-V role detected

CPU: total 4 (initial active 4) (4 cores per cpu, 2 threads per core) family 23 model 24 stepping 1 microcode 0x0, cx8, cmov, fxsr, ht, mmx, 3dnowpref, sse, sse2, sse3, ssse3, sse4a, sse4.1, sse4.2, popcnt, lzcnt, tsc, tscinvbit, avx, avx2, aes, clmul, bmi1, bmi2, adx, sha, fma, vzeroupper, clflush, clflushopt, hv
Processor Information for all 4 processors :
  Max Mhz: 2600, Current Mhz: 2600, Mhz Limit: 2600

Memory: 4k page, system-wide physical 6094M (226M free)
TotalPageFile size 18594M (AvailPageFile size 1M)
current process WorkingSet (physical memory assigned to process): 206M, peak: 206M
current process commit charge ("private bytes"): 236M, peak: 237M

vm_info: OpenJDK 64-Bit Server VM (17.0.9+9) for windows-amd64 JRE (17.0.9+9), built on Oct 26 2023 14:01:42 by "admin" with MS VC++ 16.10 / 16.11 (VS2019)

END.
