#
# There is insufficient memory for the Java Runtime Environment to continue.
# Native memory allocation (mmap) failed to map 100663296 bytes for G1 virtual space
# Possible reasons:
#   The system is out of physical RAM or swap space
#   The process is running with CompressedOops enabled, and the Java Heap may be blocking the growth of the native heap
# Possible solutions:
#   Reduce memory load on the system
#   Increase physical memory or swap space
#   Check if swap backing store is full
#   Decrease Java heap size (-Xmx/-Xms)
#   Decrease number of Java threads
#   Decrease Java thread stack sizes (-Xss)
#   Set larger code cache with -XX:ReservedCodeCacheSize=
#   JVM is running with Unscaled Compressed Oops mode in which the Java heap is
#     placed in the first 4GB address space. The Java Heap base address is the
#     maximum limit for the native heap growth. Please use -XX:HeapBaseMinAddress
#     to set the Java Heap base and to place the Java Heap above 4GB virtual address.
# This output file may be truncated or incomplete.
#
#  Out of Memory Error (os_windows.cpp:3613), pid=23840, tid=29404
#
# JRE version:  (17.0.9+9) (build )
# Java VM: OpenJDK 64-Bit Server VM (17.0.9+9, mixed mode, sharing, tiered, compressed oops, compressed class ptrs, g1 gc, windows-amd64)
# No core dump will be written. Minidumps are not enabled by default on client versions of Windows
#

---------------  S U M M A R Y ------------

Command Line: -agentlib:jdwp=transport=dt_socket,address=127.0.0.1:55205,suspend=y,server=n -ea -Didea.test.cyclic.buffer.size=1048576 -javaagent:C:\Users\ASUS\AppData\Local\JetBrains\IdeaIC2023.3\captureAgent\debugger-agent.jar -Dfile.encoding=UTF-8 com.intellij.rt.junit.JUnitStarter -ideVersion5 -junit5 com.isha.product_services.ProductServicesApplicationTests

Host: AMD Ryzen 3 3250U with Radeon Graphics         , 4 cores, 5G,  Windows 11 , 64 bit Build 22621 (10.0.22621.3958)
Time: Sun Sep 22 22:29:55 2024 India Standard Time elapsed time: 0.068955 seconds (0d 0h 0m 0s)

---------------  T H R E A D  ---------------

Current thread (0x000002a22247dee0):  JavaThread "Unknown thread" [_thread_in_vm, id=29404, stack(0x000000f551e00000,0x000000f551f00000)]

Stack: [0x000000f551e00000,0x000000f551f00000]
Native frames: (J=compiled Java code, j=interpreted, Vv=VM code, C=native code)
V  [jvm.dll+0x67cf49]
V  [jvm.dll+0x83478a]
V  [jvm.dll+0x83624e]
V  [jvm.dll+0x8368b3]
V  [jvm.dll+0x247f1f]
V  [jvm.dll+0x679d69]
V  [jvm.dll+0x66e6ba]
V  [jvm.dll+0x307e5b]
V  [jvm.dll+0x30f306]
V  [jvm.dll+0x35f0ce]
V  [jvm.dll+0x35f2ff]
V  [jvm.dll+0x2dea58]
V  [jvm.dll+0x2df9c4]
V  [jvm.dll+0x806031]
V  [jvm.dll+0x36cf31]
V  [jvm.dll+0x7e4aac]
V  [jvm.dll+0x3f07af]
V  [jvm.dll+0x3f23e1]
C  [jli.dll+0x528f]
C  [ucrtbase.dll+0x29333]
C  [KERNEL32.DLL+0x1257d]
C  [ntdll.dll+0x5af28]


---------------  P R O C E S S  ---------------

Threads class SMR info:
_java_thread_list=0x00007ffa8615ee98, length=0, elements={
}

Java Threads: ( => current thread )

Other Threads:
  0x000002a2224cab90 GCTaskThread "GC Thread#0" [stack: 0x000000f551f00000,0x000000f552000000] [id=6900]
  0x000002a2224d7870 ConcurrentGCThread "G1 Main Marker" [stack: 0x000000f552000000,0x000000f552100000] [id=24872]
  0x000002a2224d8290 ConcurrentGCThread "G1 Conc#0" [stack: 0x000000f552100000,0x000000f552200000] [id=27624]

[error occurred during error reporting (printing all threads), id 0xc0000005, EXCEPTION_ACCESS_VIOLATION (0xc0000005) at pc=0x00007ffa8591f497]

VM state: not at safepoint (not fully initialized)

VM Mutex/Monitor currently owned by a thread:  ([mutex/lock_event])
[0x000002a222479c50] Heap_lock - owner thread: 0x000002a22247dee0

Heap address: 0x00000000a0c00000, size: 1524 MB, Compressed Oops mode: 32-bit

CDS archive(s) mapped at: [0x0000000000000000-0x0000000000000000-0x0000000000000000), size 0, SharedBaseAddress: 0x0000000800000000, ArchiveRelocationMode: 1.
Narrow klass base: 0x0000000000000000, Narrow klass shift: 0, Narrow klass range: 0x0

GC Precious Log:
<Empty>

Heap:
 garbage-first heap   total 0K, used 0K [0x00000000a0c00000, 0x0000000100000000)
  region size 1024K, 0 young (0K), 0 survivors (0K)

[error occurred during error reporting (printing heap information), id 0xc0000005, EXCEPTION_ACCESS_VIOLATION (0xc0000005) at pc=0x00007ffa85d06c79]

GC Heap History (0 events):
No events

Dll operation events (2 events):
Event: 0.049 Loaded shared library C:\Users\ASUS\AppData\Local\Programs\Eclipse Adoptium\jdk-17.0.9.9-hotspot\bin\java.dll
Event: 0.053 Loaded shared library C:\Users\ASUS\AppData\Local\Programs\Eclipse Adoptium\jdk-17.0.9.9-hotspot\bin\zip.dll

Deoptimization events (0 events):
No events

Classes unloaded (0 events):
No events

Classes redefined (0 events):
No events

Internal exceptions (0 events):
No events

VM Operations (0 events):
No events

Events (0 events):
No events


Dynamic libraries:
0x00007ff757e30000 - 0x00007ff757e3e000 	C:\Users\ASUS\AppData\Local\Programs\Eclipse Adoptium\jdk-17.0.9.9-hotspot\bin\java.exe
0x00007ffb13250000 - 0x00007ffb13467000 	C:\WINDOWS\SYSTEM32\ntdll.dll
0x00007ffb124c0000 - 0x00007ffb12584000 	C:\WINDOWS\System32\KERNEL32.DLL
0x00007ffb10bd0000 - 0x00007ffb10f7d000 	C:\WINDOWS\System32\KERNELBASE.dll
0x00007ffb10800000 - 0x00007ffb10911000 	C:\WINDOWS\System32\ucrtbase.dll
0x00007ffb021d0000 - 0x00007ffb021e7000 	C:\Users\ASUS\AppData\Local\Programs\Eclipse Adoptium\jdk-17.0.9.9-hotspot\bin\jli.dll
0x00007ffb11100000 - 0x00007ffb112ae000 	C:\WINDOWS\System32\USER32.dll
0x00007ffb10700000 - 0x00007ffb10726000 	C:\WINDOWS\System32\win32u.dll
0x00007ffaecb00000 - 0x00007ffaecb1b000 	C:\Users\ASUS\AppData\Local\Programs\Eclipse Adoptium\jdk-17.0.9.9-hotspot\bin\VCRUNTIME140.dll
0x00007ffb12140000 - 0x00007ffb12169000 	C:\WINDOWS\System32\GDI32.dll
0x00007ffb105e0000 - 0x00007ffb106f9000 	C:\WINDOWS\System32\gdi32full.dll
0x00007ffb10730000 - 0x00007ffb107ca000 	C:\WINDOWS\System32\msvcp_win.dll
0x00007ffafa720000 - 0x00007ffafa9b3000 	C:\WINDOWS\WinSxS\amd64_microsoft.windows.common-controls_6595b64144ccf1df_6.0.22621.3672_none_2713b9d173822955\COMCTL32.dll
0x00007ffb11050000 - 0x00007ffb110f7000 	C:\WINDOWS\System32\msvcrt.dll
0x00007ffb11790000 - 0x00007ffb117c1000 	C:\WINDOWS\System32\IMM32.DLL
0x00007ffb021c0000 - 0x00007ffb021cc000 	C:\Users\ASUS\AppData\Local\Programs\Eclipse Adoptium\jdk-17.0.9.9-hotspot\bin\vcruntime140_1.dll
0x00007ffabb7b0000 - 0x00007ffabb83d000 	C:\Users\ASUS\AppData\Local\Programs\Eclipse Adoptium\jdk-17.0.9.9-hotspot\bin\msvcp140.dll
0x00007ffa85630000 - 0x00007ffa86291000 	C:\Users\ASUS\AppData\Local\Programs\Eclipse Adoptium\jdk-17.0.9.9-hotspot\bin\server\jvm.dll
0x00007ffb12d00000 - 0x00007ffb12db2000 	C:\WINDOWS\System32\ADVAPI32.dll
0x00007ffb116d0000 - 0x00007ffb11779000 	C:\WINDOWS\System32\sechost.dll
0x00007ffb107d0000 - 0x00007ffb107f8000 	C:\WINDOWS\System32\bcrypt.dll
0x00007ffb12ec0000 - 0x00007ffb12fd4000 	C:\WINDOWS\System32\RPCRT4.dll
0x00007ffb10440000 - 0x00007ffb1048d000 	C:\WINDOWS\SYSTEM32\POWRPROF.dll
0x00007ffb08d50000 - 0x00007ffb08d84000 	C:\WINDOWS\SYSTEM32\WINMM.dll
0x00007ffb06450000 - 0x00007ffb0645a000 	C:\WINDOWS\SYSTEM32\VERSION.dll
0x00007ffb0d620000 - 0x00007ffb0d629000 	C:\WINDOWS\SYSTEM32\WSOCK32.dll
0x00007ffb117d0000 - 0x00007ffb11841000 	C:\WINDOWS\System32\WS2_32.dll
0x00007ffb10420000 - 0x00007ffb10433000 	C:\WINDOWS\SYSTEM32\UMPDC.dll
0x00007ffb0f590000 - 0x00007ffb0f5a8000 	C:\WINDOWS\SYSTEM32\kernel.appcore.dll
0x00007ffafab60000 - 0x00007ffafab6a000 	C:\Users\ASUS\AppData\Local\Programs\Eclipse Adoptium\jdk-17.0.9.9-hotspot\bin\jimage.dll
0x00007ffb0a3a0000 - 0x00007ffb0a5d2000 	C:\WINDOWS\SYSTEM32\DBGHELP.DLL
0x00007ffb112b0000 - 0x00007ffb1163e000 	C:\WINDOWS\System32\combase.dll
0x00007ffb123e0000 - 0x00007ffb124b7000 	C:\WINDOWS\System32\OLEAUT32.dll
0x00007ffaee510000 - 0x00007ffaee542000 	C:\WINDOWS\SYSTEM32\dbgcore.DLL
0x00007ffb10920000 - 0x00007ffb1099b000 	C:\WINDOWS\System32\bcryptPrimitives.dll
0x00007fface780000 - 0x00007fface7bb000 	C:\Users\ASUS\AppData\Local\Programs\Eclipse Adoptium\jdk-17.0.9.9-hotspot\bin\jdwp.dll
0x00007ffb021a0000 - 0x00007ffb021ae000 	C:\Users\ASUS\AppData\Local\Programs\Eclipse Adoptium\jdk-17.0.9.9-hotspot\bin\instrument.dll
0x00007ffae52b0000 - 0x00007ffae52d5000 	C:\Users\ASUS\AppData\Local\Programs\Eclipse Adoptium\jdk-17.0.9.9-hotspot\bin\java.dll
0x00007ffaec420000 - 0x00007ffaec438000 	C:\Users\ASUS\AppData\Local\Programs\Eclipse Adoptium\jdk-17.0.9.9-hotspot\bin\zip.dll

dbghelp: loaded successfully - version: 4.0.5 - missing functions: none
symbol engine: initialized successfully - sym options: 0x614 - pdb path: .;C:\Users\ASUS\AppData\Local\Programs\Eclipse Adoptium\jdk-17.0.9.9-hotspot\bin;C:\WINDOWS\SYSTEM32;C:\WINDOWS\WinSxS\amd64_microsoft.windows.common-controls_6595b64144ccf1df_6.0.22621.3672_none_2713b9d173822955;C:\Users\ASUS\AppData\Local\Programs\Eclipse Adoptium\jdk-17.0.9.9-hotspot\bin\server

VM Arguments:
jvm_args: -agentlib:jdwp=transport=dt_socket,address=127.0.0.1:55205,suspend=y,server=n -ea -Didea.test.cyclic.buffer.size=1048576 -javaagent:C:\Users\ASUS\AppData\Local\JetBrains\IdeaIC2023.3\captureAgent\debugger-agent.jar -Dfile.encoding=UTF-8 
java_command: com.intellij.rt.junit.JUnitStarter -ideVersion5 -junit5 com.isha.product_services.ProductServicesApplicationTests
java_class_path (initial): C:\Users\ASUS\.m2\repository\org\junit\platform\junit-platform-launcher\1.10.3\junit-platform-launcher-1.10.3.jar;C:\Users\ASUS\.m2\repository\org\junit\vintage\junit-vintage-engine\5.10.3\junit-vintage-engine-5.10.3.jar;D:\IntelliJ IDEA Community Edition 2023.3.4\lib\idea_rt.jar;D:\IntelliJ IDEA Community Edition 2023.3.4\plugins\junit\lib\junit5-rt.jar;D:\IntelliJ IDEA Community Edition 2023.3.4\plugins\junit\lib\junit-rt.jar;D:\product-services\target\test-classes;D:\product-services\target\classes;C:\Users\ASUS\.m2\repository\org\springframework\boot\spring-boot-starter-data-mongodb\3.2.9\spring-boot-starter-data-mongodb-3.2.9.jar;C:\Users\ASUS\.m2\repository\org\springframework\boot\spring-boot-starter\3.2.9\spring-boot-starter-3.2.9.jar;C:\Users\ASUS\.m2\repository\org\springframework\boot\spring-boot\3.2.9\spring-boot-3.2.9.jar;C:\Users\ASUS\.m2\repository\org\springframework\boot\spring-boot-starter-logging\3.2.9\spring-boot-starter-logging-3.2.9.jar;C:\Users\ASUS\.m2\repository\ch\qos\logback\logback-classic\1.4.14\logback-classic-1.4.14.jar;C:\Users\ASUS\.m2\repository\ch\qos\logback\logback-core\1.4.14\logback-core-1.4.14.jar;C:\Users\ASUS\.m2\repository\org\apache\logging\log4j\log4j-to-slf4j\2.21.1\log4j-to-slf4j-2.21.1.jar;C:\Users\ASUS\.m2\repository\org\apache\logging\log4j\log4j-api\2.21.1\log4j-api-2.21.1.jar;C:\Users\ASUS\.m2\repository\org\slf4j\jul-to-slf4j\2.0.16\jul-to-slf4j-2.0.16.jar;C:\Users\ASUS\.m2\repository\jakarta\annotation\jakarta.annotation-api\2.1.1\jakarta.annotation-api-2.1.1.jar;C:\Users\ASUS\.m2\repository\org\yaml\snakeyaml\2.2\snakeyaml-2.2.jar;C:\Users\ASUS\.m2\repository\org\mongodb\mongodb-driver-sync\4.11.3\mongodb-driver-sync-4.11.3.jar;C:\Users\ASUS\.m2\repository\org\mongodb\bson\4.11.3\bson-4.11.3.jar;C:\Users\ASUS\.m2\repository\org\mongodb\mongodb-driver-core\4.11.3\mongodb-driver-core-4.11.3.jar;C:\Users\ASUS\.m2\repository\org\mongodb\bson-record-codec\4.11.3\bson-record-codec-4.11.3.j
Launcher Type: SUN_STANDARD

[Global flags]
     intx CICompilerCount                          = 3                                         {product} {ergonomic}
     uint ConcGCThreads                            = 1                                         {product} {ergonomic}
     uint G1ConcRefinementThreads                  = 4                                         {product} {ergonomic}
   size_t G1HeapRegionSize                         = 1048576                                   {product} {ergonomic}
    uintx GCDrainStackTargetSize                   = 64                                        {product} {ergonomic}
   size_t InitialHeapSize                          = 100663296                                 {product} {ergonomic}
   size_t MarkStackSize                            = 4194304                                   {product} {ergonomic}
   size_t MaxHeapSize                              = 1598029824                                {product} {ergonomic}
   size_t MinHeapDeltaBytes                        = 1048576                                   {product} {ergonomic}
   size_t MinHeapSize                              = 8388608                                   {product} {ergonomic}
    uintx NonNMethodCodeHeapSize                   = 5832780                                {pd product} {ergonomic}
    uintx NonProfiledCodeHeapSize                  = 122912730                              {pd product} {ergonomic}
    uintx ProfiledCodeHeapSize                     = 122912730                              {pd product} {ergonomic}
    uintx ReservedCodeCacheSize                    = 251658240                              {pd product} {ergonomic}
     bool SegmentedCodeCache                       = true                                      {product} {ergonomic}
   size_t SoftMaxHeapSize                          = 1598029824                             {manageable} {ergonomic}
     bool UseCompressedClassPointers               = true                           {product lp64_product} {ergonomic}
     bool UseCompressedOops                        = true                           {product lp64_product} {ergonomic}
     bool UseG1GC                                  = true                                      {product} {ergonomic}
     bool UseLargePagesIndividualAllocation        = false                                  {pd product} {ergonomic}

Logging:
Log output configuration:
 #0: stdout all=warning uptime,level,tags
 #1: stderr all=off uptime,level,tags

Environment Variables:
JAVA_HOME=C:\Users\ASUS\AppData\Local\Programs\Eclipse Adoptium\jdk-17.0.9.9-hotspot\
PATH=C:\Program Files\Eclipse Adoptium\jdk-21.0.1.12-hotspot\bin;C:\WINDOWS\system32;C:\WINDOWS;C:\WINDOWS\System32\Wbem;C:\WINDOWS\System32\WindowsPowerShell\v1.0\;C:\WINDOWS\System32\OpenSSH\;C:\Users\ASUS\anaconda3;C:\Program Files\CMake\bin;C:\Program Files\Microsoft SQL Server\150\Tools\Binn\;C:\Program Files\Microsoft SQL Server\Client SDK\ODBC\170\Tools\Binn\;C:\Program Files\dotnet\;C:\Program Files (x86)\Windows Kits\10\Windows Performance Toolkit\;D:\Git\cmd;C:\apache-maven-3.9.6\bin;C:\Program Files\nodejs\;C:\Program Files\Docker\Docker\resources\bin;C:\Users\ASUS\AppData\Local\Packages\PythonSoftwareFoundation.Python.3.10_qbz5n2kfra8p0\LocalCache\local-packages\Python310\Scripts;C:\Program Files\MongoDB\Server\7.0\bin;C:\Program Files\Eclipse Adoptium\jdk-21.0.1.12-hotspot\bin;C:\WINDOWS\system32;C:\WINDOWS;C:\WINDOWS\System32\Wbem;C:\WINDOWS\System32\WindowsPowerShell\v1.0\;C:\WINDOWS\System32\OpenSSH\;C:\Program Files\Git\cmd;C:\Users\ASUS\AppData\Local\Programs\Eclipse Adoptium\jdk-17.0.9.9-hotspot\bin;C:\Users\ASUS\AppData\Local\Microsoft\WindowsApps;C:\Users\ASUS\AppData\Local\Programs\Microsoft VS Code\bin;C:\msys64\mingw64\bin;C:\Users\ASUS\AppData\Roaming\Microsoft\Windows\Start Menu\Programs\Python 3.11\Python 3.11 (64-bit).lnk;C:\Program Files\PostgreSQL;'C:\Users\ASUS\anaconda3\Scripts';C:\Users\ASUS\.dotnet\tools;D:\IntelliJ IDEA Community Edition 2023.3.4\bin;;C:\Users\ASUS\AppData\Local\Microsoft\WindowsApps;C:\Users\ASUS\AppData\Local\Microsoft\WinGet\Packages\Schniz.fnm_Microsoft.Winget.Source_8wekyb3d8bbwe;C:\Users\ASUS\AppData\Roaming\npm;C:\Program Files\MongoDB\Server\8.0\bin\;
USERNAME=ASUS
OS=Windows_NT
PROCESSOR_IDENTIFIER=AMD64 Family 23 Model 24 Stepping 1, AuthenticAMD
TMP=C:\Users\ASUS\AppData\Local\Temp
TEMP=C:\Users\ASUS\AppData\Local\Temp



Periodic native trim disabled


---------------  S Y S T E M  ---------------

OS:
 Windows 11 , 64 bit Build 22621 (10.0.22621.3958)
OS uptime: 2 days 22:37 hours
Hyper-V role detected

CPU: total 4 (initial active 4) (4 cores per cpu, 2 threads per core) family 23 model 24 stepping 1 microcode 0x0, cx8, cmov, fxsr, ht, mmx, 3dnowpref, sse, sse2, sse3, ssse3, sse4a, sse4.1, sse4.2, popcnt, lzcnt, tsc, tscinvbit, avx, avx2, aes, clmul, bmi1, bmi2, adx, sha, fma, vzeroupper, clflush, clflushopt, hv
Processor Information for all 4 processors :
  Max Mhz: 2600, Current Mhz: 2600, Mhz Limit: 2600

Memory: 4k page, system-wide physical 6094M (293M free)
TotalPageFile size 18594M (AvailPageFile size 51M)
current process WorkingSet (physical memory assigned to process): 11M, peak: 11M
current process commit charge ("private bytes"): 52M, peak: 148M

vm_info: OpenJDK 64-Bit Server VM (17.0.9+9) for windows-amd64 JRE (17.0.9+9), built on Oct 26 2023 14:01:42 by "admin" with MS VC++ 16.10 / 16.11 (VS2019)

END.
